Arguments: 
  C:\Program Files\nodejs\node.exe C:\Users\death\AppData\Roaming\npm\node_modules\yarn\bin\yarn.js add @mui/icons-material/AddCircleSharp

PATH: 
  C:\Users\death\bin;C:\Program Files\Git\mingw64\bin;C:\Program Files\Git\usr\local\bin;C:\Program Files\Git\usr\bin;C:\Program Files\Git\usr\bin;C:\Program Files\Git\mingw64\bin;C:\Program Files\Git\usr\bin;C:\Users\death\bin;C:\WINDOWS\system32;C:\WINDOWS;C:\WINDOWS\System32\Wbem;C:\WINDOWS\System32\WindowsPowerShell\v1.0;C:\WINDOWS\System32\OpenSSH;C:\Program Files\Git\cmd;C:\Program Files\flutter\bin;C:\Program Files\Teraform;C:\Program Files\Java\jdk-11.0.11\bin;C:\Program Files\Redis;C:\Users\death\AppData\Roaming\nvm;C:\Program Files\nodejs;C:\Program Files\nodejs;C:\Users\death\.pyenv\pyenv-win\bin;C:\Users\death\.pyenv\pyenv-win\shims;C:\windows\system32;C:\windows;C:\windows\System32\Wbem;C:\windows\System32\WindowsPowerShell\v1.0;C:\windows\System32\OpenSSH;C:\Program Files\Git\cmd;C:\Program Files (x86)\Yarn\bin;C:\Users\death\AppData\Local\Microsoft\WindowsApps;C:\Users\death\AppData\Local\Programs\Microsoft VS Code\bin;C:\flutter\bin;C:\Users\death\Desktop\platform-tools;C:\Program Files (x86)\GitHub CLI;C:\Users\death\AppData\Local\Microsoft\WindowsApps;C:\Users\death\AppData\Roaming\nvm;C:\Program Files\nodejs;C:\Users\death\AppData\Roaming\npm;C:\Program Files\Git\usr\bin\vendor_perl;C:\Program Files\Git\usr\bin\core_perl

Yarn version: 
  1.22.17

Node version: 
  16.0.0

Platform: 
  win32 x64

Trace: 
  Error: https://registry.yarnpkg.com/@mui%2ficons-material/AddCircleSharp: Request "https://registry.yarnpkg.com/@mui%2ficons-material/AddCircleSharp" returned a 405
      at Request.params.callback [as _callback] (C:\Users\death\AppData\Roaming\npm\node_modules\yarn\lib\cli.js:67038:18)
      at Request.self.callback (C:\Users\death\AppData\Roaming\npm\node_modules\yarn\lib\cli.js:140883:22)
      at Request.emit (node:events:365:28)
      at Request.<anonymous> (C:\Users\death\AppData\Roaming\npm\node_modules\yarn\lib\cli.js:141855:10)
      at Request.emit (node:events:365:28)
      at IncomingMessage.<anonymous> (C:\Users\death\AppData\Roaming\npm\node_modules\yarn\lib\cli.js:141777:12)
      at Object.onceWrapper (node:events:471:28)
      at IncomingMessage.emit (node:events:377:35)
      at endReadableNT (node:internal/streams/readable:1312:12)
      at processTicksAndRejections (node:internal/process/task_queues:83:21)

npm manifest: 
  {
    "dependencies": {
      "@mui/icons-material": "^5.2.5",
      "@mui/material": "^5.2.6"
    }
  }

yarn manifest: 
  No manifest

Lockfile: 
  # THIS IS AN AUTOGENERATED FILE. DO NOT EDIT THIS FILE DIRECTLY.
  # yarn lockfile v1
  
  
  "@babel/runtime@^7.16.3", "@babel/runtime@^7.5.5", "@babel/runtime@^7.8.7":
    version "7.16.5"
    resolved "https://registry.yarnpkg.com/@babel/runtime/-/runtime-7.16.5.tgz#7f3e34bf8bdbbadf03fbb7b1ea0d929569c9487a"
    integrity sha512-TXWihFIS3Pyv5hzR7j6ihmeLkZfrXGxAr5UfSl8CHf+6q/wpiYDkUau0czckpYG8QmnCIuPpdLtuA9VmuGGyMA==
    dependencies:
      regenerator-runtime "^0.13.4"
  
  "@emotion/cache@^11.7.1":
    version "11.7.1"
    resolved "https://registry.yarnpkg.com/@emotion/cache/-/cache-11.7.1.tgz#08d080e396a42e0037848214e8aa7bf879065539"
    integrity sha512-r65Zy4Iljb8oyjtLeCuBH8Qjiy107dOYC6SJq7g7GV5UCQWMObY4SJDPGFjiiVpPrOJ2hmJOoBiYTC7hwx9E2A==
    dependencies:
      "@emotion/memoize" "^0.7.4"
      "@emotion/sheet" "^1.1.0"
      "@emotion/utils" "^1.0.0"
      "@emotion/weak-memoize" "^0.2.5"
      stylis "4.0.13"
  
  "@emotion/is-prop-valid@^1.1.1":
    version "1.1.1"
    resolved "https://registry.yarnpkg.com/@emotion/is-prop-valid/-/is-prop-valid-1.1.1.tgz#cbd843d409dfaad90f9404e7c0404c55eae8c134"
    integrity sha512-bW1Tos67CZkOURLc0OalnfxtSXQJMrAMV0jZTVGJUPSOd4qgjF3+tTD5CwJM13PHA8cltGW1WGbbvV9NpvUZPw==
    dependencies:
      "@emotion/memoize" "^0.7.4"
  
  "@emotion/memoize@^0.7.4":
    version "0.7.5"
    resolved "https://registry.yarnpkg.com/@emotion/memoize/-/memoize-0.7.5.tgz#2c40f81449a4e554e9fc6396910ed4843ec2be50"
    integrity sha512-igX9a37DR2ZPGYtV6suZ6whr8pTFtyHL3K/oLUotxpSVO2ASaprmAe2Dkq7tBo7CRY7MMDrAa9nuQP9/YG8FxQ==
  
  "@emotion/sheet@^1.1.0":
    version "1.1.0"
    resolved "https://registry.yarnpkg.com/@emotion/sheet/-/sheet-1.1.0.tgz#56d99c41f0a1cda2726a05aa6a20afd4c63e58d2"
    integrity sha512-u0AX4aSo25sMAygCuQTzS+HsImZFuS8llY8O7b9MDRzbJM0kVJlAz6KNDqcG7pOuQZJmj/8X/rAW+66kMnMW+g==
  
  "@emotion/utils@^1.0.0":
    version "1.0.0"
    resolved "https://registry.yarnpkg.com/@emotion/utils/-/utils-1.0.0.tgz#abe06a83160b10570816c913990245813a2fd6af"
    integrity sha512-mQC2b3XLDs6QCW+pDQDiyO/EdGZYOygE8s5N5rrzjSI4M3IejPE/JPndCBwRT9z982aqQNi6beWs1UeayrQxxA==
  
  "@emotion/weak-memoize@^0.2.5":
    version "0.2.5"
    resolved "https://registry.yarnpkg.com/@emotion/weak-memoize/-/weak-memoize-0.2.5.tgz#8eed982e2ee6f7f4e44c253e12962980791efd46"
    integrity sha512-6U71C2Wp7r5XtFtQzYrW5iKFT67OixrSxjI4MptCHzdSVlgabczzqLe0ZSgnub/5Kp4hSbpDB1tMytZY9pwxxA==
  
  "@mui/base@5.0.0-alpha.62":
    version "5.0.0-alpha.62"
    resolved "https://registry.yarnpkg.com/@mui/base/-/base-5.0.0-alpha.62.tgz#d86ff07f33d7b49ebb545f29e184750c0270c3f8"
    integrity sha512-ItmdSZwHKQbLbAsS3sWguR7OHqYqh2cYWahoVmHb13Kc6bMdmVUTY4x57IlDSU712B0yuA0Q/gPTq7xADKnFow==
    dependencies:
      "@babel/runtime" "^7.16.3"
      "@emotion/is-prop-valid" "^1.1.1"
      "@mui/utils" "^5.2.3"
      "@popperjs/core" "^2.4.4"
      clsx "^1.1.1"
      prop-types "^15.7.2"
      react-is "^17.0.2"
  
  "@mui/icons-material@^5.2.5":
    version "5.2.5"
    resolved "https://registry.yarnpkg.com/@mui/icons-material/-/icons-material-5.2.5.tgz#c6575430b565c023232147934c45775630a53f02"
    integrity sha512-uQiUz+l0xy+2jExyKyU19MkMAR2F7bQFcsQ5hdqAtsB14Jw2zlmIAD55mV6f0NxKCut7Rx6cA3ZpfzlzAfoK8Q==
    dependencies:
      "@babel/runtime" "^7.16.3"
  
  "@mui/material@^5.2.6":
    version "5.2.6"
    resolved "https://registry.yarnpkg.com/@mui/material/-/material-5.2.6.tgz#fda165759281fe7d6f0ec2744a255f283e17b7aa"
    integrity sha512-yF2bRqyJMo6bYXT7TPA9IU/XLaXHi47Xvmj8duQa5ha3bCpFMXLfGoZcAUl6ZDjjGEz1nCFS+c1qx219xD/aeQ==
    dependencies:
      "@babel/runtime" "^7.16.3"
      "@mui/base" "5.0.0-alpha.62"
      "@mui/system" "^5.2.6"
      "@mui/types" "^7.1.0"
      "@mui/utils" "^5.2.3"
      "@types/react-transition-group" "^4.4.4"
      clsx "^1.1.1"
      csstype "^3.0.10"
      hoist-non-react-statics "^3.3.2"
      prop-types "^15.7.2"
      react-is "^17.0.2"
      react-transition-group "^4.4.2"
  
  "@mui/private-theming@^5.2.3":
    version "5.2.3"
    resolved "https://registry.yarnpkg.com/@mui/private-theming/-/private-theming-5.2.3.tgz#6d4e7d8309adc932b444fdd091caec339c430be4"
    integrity sha512-Lc1Cmu8lSsYZiXADi9PBb17Ho82ZbseHQujUFAcp6bCJ5x/d+87JYCIpCBMagPu/isRlFCwbziuXPmz7WOzJPQ==
    dependencies:
      "@babel/runtime" "^7.16.3"
      "@mui/utils" "^5.2.3"
      prop-types "^15.7.2"
  
  "@mui/styled-engine@^5.2.6":
    version "5.2.6"
    resolved "https://registry.yarnpkg.com/@mui/styled-engine/-/styled-engine-5.2.6.tgz#eac4a98b05b17190c2155b31b0e36338b3fb09f2"
    integrity sha512-bqAhli8eGS6v2qxivy2/4K0Ag8o//jsu1G2G6QcieFiT6y7oIF/nd/6Tvw6OSm3roOTifVQWNKwkt1yFWhGS+w==
    dependencies:
      "@babel/runtime" "^7.16.3"
      "@emotion/cache" "^11.7.1"
      prop-types "^15.7.2"
  
  "@mui/system@^5.2.6":
    version "5.2.6"
    resolved "https://registry.yarnpkg.com/@mui/system/-/system-5.2.6.tgz#153b534223caae254a98162eef06d6ab48ecff34"
    integrity sha512-PZ7bmpWOLikWgqn2zWv9/Xa7lxnRBOmfjoMH7c/IVYJs78W3971brXJ3xV9MEWWQcoqiYQeXzUJaNf4rFbKCBA==
    dependencies:
      "@babel/runtime" "^7.16.3"
      "@mui/private-theming" "^5.2.3"
      "@mui/styled-engine" "^5.2.6"
      "@mui/types" "^7.1.0"
      "@mui/utils" "^5.2.3"
      clsx "^1.1.1"
      csstype "^3.0.10"
      prop-types "^15.7.2"
  
  "@mui/types@^7.1.0":
    version "7.1.0"
    resolved "https://registry.yarnpkg.com/@mui/types/-/types-7.1.0.tgz#5ed928c5a41cfbf9a4be82ea3bbdc47bcc9610d5"
    integrity sha512-Hh7ALdq/GjfIwLvqH3XftuY3bcKhupktTm+S6qRIDGOtPtRuq2L21VWzOK4p7kblirK0XgGVH5BLwa6u8z/6QQ==
  
  "@mui/utils@^5.2.3":
    version "5.2.3"
    resolved "https://registry.yarnpkg.com/@mui/utils/-/utils-5.2.3.tgz#994f3a500679804483732596fcfa531e59c56445"
    integrity sha512-sQujlajIS0zQKcGIS6tZR0L1R+ib26B6UtuEn+cZqwKHsPo3feuS+SkdscYBdcCdMbrZs4gj8WIJHl2z6tbSzQ==
    dependencies:
      "@babel/runtime" "^7.16.3"
      "@types/prop-types" "^15.7.4"
      "@types/react-is" "^16.7.1 || ^17.0.0"
      prop-types "^15.7.2"
      react-is "^17.0.2"
  
  "@popperjs/core@^2.4.4":
    version "2.11.0"
    resolved "https://registry.yarnpkg.com/@popperjs/core/-/core-2.11.0.tgz#6734f8ebc106a0860dff7f92bf90df193f0935d7"
    integrity sha512-zrsUxjLOKAzdewIDRWy9nsV1GQsKBCWaGwsZQlCgr6/q+vjyZhFgqedLfFBuI9anTPEUT4APq9Mu0SZBTzIcGQ==
  
  "@types/prop-types@*", "@types/prop-types@^15.7.4":
    version "15.7.4"
    resolved "https://registry.yarnpkg.com/@types/prop-types/-/prop-types-15.7.4.tgz#fcf7205c25dff795ee79af1e30da2c9790808f11"
    integrity sha512-rZ5drC/jWjrArrS8BR6SIr4cWpW09RNTYt9AMZo3Jwwif+iacXAqgVjm0B0Bv/S1jhDXKHqRVNCbACkJ89RAnQ==
  
  "@types/react-is@^16.7.1 || ^17.0.0":
    version "17.0.3"
    resolved "https://registry.yarnpkg.com/@types/react-is/-/react-is-17.0.3.tgz#2d855ba575f2fc8d17ef9861f084acc4b90a137a"
    integrity sha512-aBTIWg1emtu95bLTLx0cpkxwGW3ueZv71nE2YFBpL8k/z5czEW8yYpOo8Dp+UUAFAtKwNaOsh/ioSeQnWlZcfw==
    dependencies:
      "@types/react" "*"
  
  "@types/react-transition-group@^4.4.4":
    version "4.4.4"
    resolved "https://registry.yarnpkg.com/@types/react-transition-group/-/react-transition-group-4.4.4.tgz#acd4cceaa2be6b757db61ed7b432e103242d163e"
    integrity sha512-7gAPz7anVK5xzbeQW9wFBDg7G++aPLAFY0QaSMOou9rJZpbuI58WAuJrgu+qR92l61grlnCUe7AFX8KGahAgug==
    dependencies:
      "@types/react" "*"
  
  "@types/react@*":
    version "17.0.38"
    resolved "https://registry.yarnpkg.com/@types/react/-/react-17.0.38.tgz#f24249fefd89357d5fa71f739a686b8d7c7202bd"
    integrity sha512-SI92X1IA+FMnP3qM5m4QReluXzhcmovhZnLNm3pyeQlooi02qI7sLiepEYqT678uNiyc25XfCqxREFpy3W7YhQ==
    dependencies:
      "@types/prop-types" "*"
      "@types/scheduler" "*"
      csstype "^3.0.2"
  
  "@types/scheduler@*":
    version "0.16.2"
    resolved "https://registry.yarnpkg.com/@types/scheduler/-/scheduler-0.16.2.tgz#1a62f89525723dde24ba1b01b092bf5df8ad4d39"
    integrity sha512-hppQEBDmlwhFAXKJX2KnWLYu5yMfi91yazPb2l+lbJiwW+wdo1gNeRA+3RgNSO39WYX2euey41KEwnqesU2Jew==
  
  clsx@^1.1.1:
    version "1.1.1"
    resolved "https://registry.yarnpkg.com/clsx/-/clsx-1.1.1.tgz#98b3134f9abbdf23b2663491ace13c5c03a73188"
    integrity sha512-6/bPho624p3S2pMyvP5kKBPXnI3ufHLObBFCfgx+LkeR5lg2XYy2hqZqUf45ypD8COn2bhgGJSUE+l5dhNBieA==
  
  csstype@^3.0.10, csstype@^3.0.2:
    version "3.0.10"
    resolved "https://registry.yarnpkg.com/csstype/-/csstype-3.0.10.tgz#2ad3a7bed70f35b965707c092e5f30b327c290e5"
    integrity sha512-2u44ZG2OcNUO9HDp/Jl8C07x6pU/eTR3ncV91SiK3dhG9TWvRVsCoJw14Ckx5DgWkzGA3waZWO3d7pgqpUI/XA==
  
  dom-helpers@^5.0.1:
    version "5.2.1"
    resolved "https://registry.yarnpkg.com/dom-helpers/-/dom-helpers-5.2.1.tgz#d9400536b2bf8225ad98fe052e029451ac40e902"
    integrity sha512-nRCa7CK3VTrM2NmGkIy4cbK7IZlgBE/PYMn55rrXefr5xXDP0LdtfPnblFDoVdcAfslJ7or6iqAUnx0CCGIWQA==
    dependencies:
      "@babel/runtime" "^7.8.7"
      csstype "^3.0.2"
  
  hoist-non-react-statics@^3.3.2:
    version "3.3.2"
    resolved "https://registry.yarnpkg.com/hoist-non-react-statics/-/hoist-non-react-statics-3.3.2.tgz#ece0acaf71d62c2969c2ec59feff42a4b1a85b45"
    integrity sha512-/gGivxi8JPKWNm/W0jSmzcMPpfpPLc3dY/6GxhX2hQ9iGj3aDfklV4ET7NjKpSinLpJ5vafa9iiGIEZg10SfBw==
    dependencies:
      react-is "^16.7.0"
  
  "js-tokens@^3.0.0 || ^4.0.0":
    version "4.0.0"
    resolved "https://registry.yarnpkg.com/js-tokens/-/js-tokens-4.0.0.tgz#19203fb59991df98e3a287050d4647cdeaf32499"
    integrity sha512-RdJUflcE3cUzKiMqQgsCu06FPu9UdIJO0beYbPhHN4k6apgJtifcoCtT9bcxOpYBtpD2kCM6Sbzg4CausW/PKQ==
  
  loose-envify@^1.4.0:
    version "1.4.0"
    resolved "https://registry.yarnpkg.com/loose-envify/-/loose-envify-1.4.0.tgz#71ee51fa7be4caec1a63839f7e682d8132d30caf"
    integrity sha512-lyuxPGr/Wfhrlem2CL/UcnUc1zcqKAImBDzukY7Y5F/yQiNdko6+fRLevlw1HgMySw7f611UIY408EtxRSoK3Q==
    dependencies:
      js-tokens "^3.0.0 || ^4.0.0"
  
  object-assign@^4.1.1:
    version "4.1.1"
    resolved "https://registry.yarnpkg.com/object-assign/-/object-assign-4.1.1.tgz#2109adc7965887cfc05cbbd442cac8bfbb360863"
    integrity sha1-IQmtx5ZYh8/AXLvUQsrIv7s2CGM=
  
  prop-types@^15.6.2, prop-types@^15.7.2:
    version "15.8.0"
    resolved "https://registry.yarnpkg.com/prop-types/-/prop-types-15.8.0.tgz#d237e624c45a9846e469f5f31117f970017ff588"
    integrity sha512-fDGekdaHh65eI3lMi5OnErU6a8Ighg2KjcjQxO7m8VHyWjcPyj5kiOgV1LQDOOOgVy3+5FgjXvdSSX7B8/5/4g==
    dependencies:
      loose-envify "^1.4.0"
      object-assign "^4.1.1"
      react-is "^16.13.1"
  
  react-is@^16.13.1, react-is@^16.7.0:
    version "16.13.1"
    resolved "https://registry.yarnpkg.com/react-is/-/react-is-16.13.1.tgz#789729a4dc36de2999dc156dd6c1d9c18cea56a4"
    integrity sha512-24e6ynE2H+OKt4kqsOvNd8kBpV65zoxbA4BVsEOB3ARVWQki/DHzaUoC5KuON/BiccDaCCTZBuOcfZs70kR8bQ==
  
  react-is@^17.0.2:
    version "17.0.2"
    resolved "https://registry.yarnpkg.com/react-is/-/react-is-17.0.2.tgz#e691d4a8e9c789365655539ab372762b0efb54f0"
    integrity sha512-w2GsyukL62IJnlaff/nRegPQR94C/XXamvMWmSHRJ4y7Ts/4ocGRmTHvOs8PSE6pB3dWOrD/nueuU5sduBsQ4w==
  
  react-transition-group@^4.4.2:
    version "4.4.2"
    resolved "https://registry.yarnpkg.com/react-transition-group/-/react-transition-group-4.4.2.tgz#8b59a56f09ced7b55cbd53c36768b922890d5470"
    integrity sha512-/RNYfRAMlZwDSr6z4zNKV6xu53/e2BuaBbGhbyYIXTrmgu/bGHzmqOs7mJSJBHy9Ud+ApHx3QjrkKSp1pxvlFg==
    dependencies:
      "@babel/runtime" "^7.5.5"
      dom-helpers "^5.0.1"
      loose-envify "^1.4.0"
      prop-types "^15.6.2"
  
  regenerator-runtime@^0.13.4:
    version "0.13.9"
    resolved "https://registry.yarnpkg.com/regenerator-runtime/-/regenerator-runtime-0.13.9.tgz#8925742a98ffd90814988d7566ad30ca3b263b52"
    integrity sha512-p3VT+cOEgxFsRRA9X4lkI1E+k2/CtnKtU4gcxyaCUreilL/vqI6CdZ3wxVUx3UOUg+gnUOQQcRI7BmSI656MYA==
  
  stylis@4.0.13:
    version "4.0.13"
    resolved "https://registry.yarnpkg.com/stylis/-/stylis-4.0.13.tgz#f5db332e376d13cc84ecfe5dace9a2a51d954c91"
    integrity sha512-xGPXiFVl4YED9Jh7Euv2V220mriG9u4B2TA6Ybjc1catrstKD2PpIdU3U0RKpkVBC2EhmL/F0sPCr9vrFTNRag==
